<?xml version="1.0" encoding="UTF-8"?>
<!-- Generated by org.testng.reporters.JUnitXMLReporter -->
<testsuite ignored="0" hostname="SK01LAP01059" failures="1" tests="2" name="SauceDemo Web Functional Tests" time="96.071" errors="0" timestamp="2026-05-24T21:12:17 IST">
  <testcase classname="io.cucumber.testng.AbstractTestNGCucumberTests" name="runScenario" time="45.008"/>
  <testcase classname="io.cucumber.testng.AbstractTestNGCucumberTests" name="runScenario" time="49.12">
    <failure type="java.lang.AssertionError" message="FAILED: Expected to land on home.html after logout, but current URL is: https://www.saucedemo.com/ expected [true] but found [false]">
      <![CDATA[java.lang.AssertionError: FAILED: Expected to land on home.html after logout, but current URL is: https://www.saucedemo.com/ expected [true] but found [false]
at com.saucedemo.stepdefinitions.LoginSteps.theLogoutShouldNavigateToTheHomePage(LoginSteps.java:138)
at ✽.the logout should navigate to the home page(file:///C:/Users/omkar.qualitrix/Saucedemo_SeleniumAutomation_AI/src/test/resources/features/EndToEnd.feature:30)
... Removed 3 stack frames]]>
    </failure>
  </testcase> <!-- runScenario -->
</testsuite> <!-- SauceDemo Web Functional Tests -->
