<?xml version="1.0" encoding="UTF-8"?>
<!-- Generated by org.testng.reporters.JUnitReportReporter -->
<testsuite hostname="SK01LAP01059" failures="1" tests="2" name="com.saucedemo.runners.TestRunner" time="94.128" errors="0" timestamp="2026-05-24T21:12:17 IST" skipped="0">
  <testcase classname="com.saucedemo.runners.TestRunner" name="runScenario" time="49.120">
    <failure message="FAILED: Expected to land on home.html after logout, but current URL is: https://www.saucedemo.com/ expected [true] but found [false]" type="java.lang.AssertionError">
      <![CDATA[java.lang.AssertionError: FAILED: Expected to land on home.html after logout, but current URL is: https://www.saucedemo.com/ expected [true] but found [false]
at org.testng.Assert.fail(Assert.java:111)
at org.testng.Assert.failNotEquals(Assert.java:1578)
at org.testng.Assert.assertTrue(Assert.java:57)
at com.saucedemo.stepdefinitions.LoginSteps.theLogoutShouldNavigateToTheHomePage(LoginSteps.java:138)
at ✽.the logout should navigate to the home page(file:///C:/Users/omkar.qualitrix/Saucedemo_SeleniumAutomation_AI/src/test/resources/features/EndToEnd.feature:30)
]]>
    </failure>
  </testcase> <!-- runScenario -->
  <testcase classname="com.saucedemo.runners.TestRunner" name="runScenario" time="45.008"/>
</testsuite> <!-- com.saucedemo.runners.TestRunner -->
